D:\OSAMA\PROGRAMMING\PROJECTS\FACIAL-TRACKING\SOURCE\FACELANDMARKSDETECTION\FACELANDMARKSDETECTION\DEBUG\MAIN.OBJ
D:\OSAMA\PROGRAMMING\PROJECTS\FACIAL-TRACKING\SOURCE\FACELANDMARKSDETECTION\FACELANDMARKSDETECTION\DEBUG\VC110.PDB
D:\OSAMA\PROGRAMMING\PROJECTS\FACIAL-TRACKING\SOURCE\FACELANDMARKSDETECTION\DEBUG\FACELANDMARKS.ILK
D:\OSAMA\PROGRAMMING\PROJECTS\FACIAL-TRACKING\SOURCE\FACELANDMARKSDETECTION\DEBUG\FACELANDMARKS.EXE
D:\OSAMA\PROGRAMMING\PROJECTS\FACIAL-TRACKING\SOURCE\FACELANDMARKSDETECTION\DEBUG\FACELANDMARKS.PDB
D:\Osama\Programming\Projects\Facial-Tracking\Source\FaceLandmarksDetection\FaceLandmarksDetection\Debug\main.obj
D:\Osama\Programming\Projects\Facial-Tracking\Source\FaceLandmarksDetection\FaceLandmarksDetection\Debug\cl.command.1.tlog
D:\Osama\Programming\Projects\Facial-Tracking\Source\FaceLandmarksDetection\FaceLandmarksDetection\Debug\CL.read.1.tlog
D:\Osama\Programming\Projects\Facial-Tracking\Source\FaceLandmarksDetection\FaceLandmarksDetection\Debug\CL.write.1.tlog
D:\Osama\Programming\Projects\Facial-Tracking\Source\FaceLandmarksDetection\FaceLandmarksDetection\Debug\link-cvtres.read.1.tlog
D:\Osama\Programming\Projects\Facial-Tracking\Source\FaceLandmarksDetection\FaceLandmarksDetection\Debug\link-cvtres.write.1.tlog
D:\Osama\Programming\Projects\Facial-Tracking\Source\FaceLandmarksDetection\FaceLandmarksDetection\Debug\link-rc.read.1.tlog
D:\Osama\Programming\Projects\Facial-Tracking\Source\FaceLandmarksDetection\FaceLandmarksDetection\Debug\link-rc.write.1.tlog
D:\Osama\Programming\Projects\Facial-Tracking\Source\FaceLandmarksDetection\FaceLandmarksDetection\Debug\link.command.1.tlog
D:\Osama\Programming\Projects\Facial-Tracking\Source\FaceLandmarksDetection\FaceLandmarksDetection\Debug\link.read.1.tlog
D:\Osama\Programming\Projects\Facial-Tracking\Source\FaceLandmarksDetection\FaceLandmarksDetection\Debug\link.write.1.tlog
D:\Osama\Programming\Projects\Facial-Tracking\Source\FaceLandmarksDetection\FaceLandmarksDetection\Debug\vc110.idb
D:\Osama\Programming\Projects\Facial-Tracking\Source\FaceLandmarksDetection\FaceLandmarksDetection\Debug\vc110.pdb
D:\Osama\Programming\Projects\Facial-Tracking\Source\FaceLandmarksDetection\Debug\FaceLandmarks.pdb
D:\Osama\Programming\Projects\Facial-Tracking\Source\FaceLandmarksDetection\Debug\FaceLandmarks.exe
D:\Osama\Programming\Projects\Facial-Tracking\Source\FaceLandmarksDetection\Debug\FaceLandmarks.ilk
