Build started 18-Apr-15 4:29:09 PM.
     1>Project "D:\Osama\Programming\Projects\Facial-Tracking\Source\FaceLandmarksDetection\FaceLandmarksTraining\FaceLandmarksTraining.vcxproj" on node 3 (Rebuild target(s)).
     1>ClCompile:
         C:\Program Files (x86)\Microsoft Visual Studio 11.0\VC\bin\CL.exe /c /IC:\opencv\build\include /ZI /nologo /W3 /WX- /Od /Oy- /D WIN32 /D _DEBUG /D _CONSOLE /D _UNICODE /D UNICODE /Gm /EHsc /RTC1 /MDd /GS /fp:precise /Zc:wchar_t /Zc:forScope /Fo"Debug\\" /Fd"Debug\vc110.pdb" /Gd /TP /analyze- /errorReport:prompt FernTrainer.cpp LandmarkTraining.cpp RegressorTrainer.cpp TrainingHelper.cpp
         TrainingHelper.cpp
     1>c:\opencv\build\include\opencv2\flann\logger.h(66): warning C4996: 'fopen': This function or variable may be unsafe. Consider using fopen_s instead. To disable deprecation, use _CRT_SECURE_NO_WARNINGS. See online help for details.
                 c:\program files (x86)\microsoft visual studio 11.0\vc\include\stdio.h(218) : see declaration of 'fopen'
     1>d:\osama\programming\projects\facial-tracking\source\facelandmarksdetection\facelandmarkstraining\traininghelper.cpp(20): warning C4018: '<' : signed/unsigned mismatch
     1>d:\osama\programming\projects\facial-tracking\source\facelandmarksdetection\facelandmarkstraining\traininghelper.cpp(77): warning C4018: '<' : signed/unsigned mismatch
     1>d:\osama\programming\projects\facial-tracking\source\facelandmarksdetection\facelandmarkstraining\traininghelper.cpp(94): warning C4018: '<' : signed/unsigned mismatch
     1>d:\osama\programming\projects\facial-tracking\source\facelandmarksdetection\facelandmarkstraining\traininghelper.cpp(113): warning C4018: '<' : signed/unsigned mismatch
     1>d:\osama\programming\projects\facial-tracking\source\facelandmarksdetection\facelandmarkstraining\traininghelper.cpp(116): warning C4018: '<' : signed/unsigned mismatch
     1>d:\osama\programming\projects\facial-tracking\source\facelandmarksdetection\facelandmarkstraining\traininghelper.cpp(162): warning C4018: '<' : signed/unsigned mismatch
         RegressorTrainer.cpp
     1>c:\opencv\build\include\opencv2\flann\logger.h(66): warning C4996: 'fopen': This function or variable may be unsafe. Consider using fopen_s instead. To disable deprecation, use _CRT_SECURE_NO_WARNINGS. See online help for details.
                 c:\program files (x86)\microsoft visual studio 11.0\vc\include\stdio.h(218) : see declaration of 'fopen'
     1>d:\osama\programming\projects\facial-tracking\source\facelandmarksdetection\facelandmarkstraining\regressortrainer.cpp(36): warning C4018: '<' : signed/unsigned mismatch
     1>d:\osama\programming\projects\facial-tracking\source\facelandmarksdetection\facelandmarkstraining\regressortrainer.cpp(65): warning C4018: '<' : signed/unsigned mismatch
         LandmarkTraining.cpp
     1>c:\opencv\build\include\opencv2\flann\logger.h(66): warning C4996: 'fopen': This function or variable may be unsafe. Consider using fopen_s instead. To disable deprecation, use _CRT_SECURE_NO_WARNINGS. See online help for details.
                 c:\program files (x86)\microsoft visual studio 11.0\vc\include\stdio.h(218) : see declaration of 'fopen'
     1>d:\osama\programming\projects\facial-tracking\source\facelandmarksdetection\facelandmarkstraining\landmarktraining.cpp(70): warning C4018: '>=' : signed/unsigned mismatch
     1>d:\osama\programming\projects\facial-tracking\source\facelandmarksdetection\facelandmarkstraining\landmarktraining.cpp(73): warning C4018: '<' : signed/unsigned mismatch
     1>d:\osama\programming\projects\facial-tracking\source\facelandmarksdetection\facelandmarkstraining\landmarktraining.cpp(76): warning C4018: '<' : signed/unsigned mismatch
     1>d:\osama\programming\projects\facial-tracking\source\facelandmarksdetection\facelandmarkstraining\landmarktraining.cpp(93): warning C4018: '>' : signed/unsigned mismatch
     1>d:\osama\programming\projects\facial-tracking\source\facelandmarksdetection\facelandmarkstraining\landmarktraining.cpp(99): warning C4018: '<' : signed/unsigned mismatch
     1>d:\osama\programming\projects\facial-tracking\source\facelandmarksdetection\facelandmarkstraining\landmarktraining.cpp(105): warning C4244: '=' : conversion from 'double' to 'float', possible loss of data
     1>d:\osama\programming\projects\facial-tracking\source\facelandmarksdetection\facelandmarkstraining\landmarktraining.cpp(106): warning C4244: '=' : conversion from 'double' to 'float', possible loss of data
         FernTrainer.cpp
     1>c:\opencv\build\include\opencv2\flann\logger.h(66): warning C4996: 'fopen': This function or variable may be unsafe. Consider using fopen_s instead. To disable deprecation, use _CRT_SECURE_NO_WARNINGS. See online help for details.
                 c:\program files (x86)\microsoft visual studio 11.0\vc\include\stdio.h(218) : see declaration of 'fopen'
     1>d:\osama\programming\projects\facial-tracking\source\facelandmarksdetection\facelandmarkstraining\ferntrainer.cpp(46): error C2661: 'TrainingHelper::Covariance' : no overloaded function takes 3 arguments
     1>d:\osama\programming\projects\facial-tracking\source\facelandmarksdetection\facelandmarkstraining\ferntrainer.cpp(51): error C3861: 'Covariance': identifier not found
         Generating Code...
     1>Done Building Project "D:\Osama\Programming\Projects\Facial-Tracking\Source\FaceLandmarksDetection\FaceLandmarksTraining\FaceLandmarksTraining.vcxproj" (Rebuild target(s)) -- FAILED.

Build FAILED.

Time Elapsed 00:00:18.24
