D:\OSAMA\PROGRAMMING\PROJECTS\FACIAL-TRACKING\SOURCE\FACELANDMARKSDETECTION\FACELANDMARKSTRAINING\DEBUG\FERNTRAINER.OBJ
D:\OSAMA\PROGRAMMING\PROJECTS\FACIAL-TRACKING\SOURCE\FACELANDMARKSDETECTION\FACELANDMARKSTRAINING\DEBUG\LANDMARKTRAINING.OBJ
D:\OSAMA\PROGRAMMING\PROJECTS\FACIAL-TRACKING\SOURCE\FACELANDMARKSDETECTION\FACELANDMARKSTRAINING\DEBUG\REGRESSORTRAINER.OBJ
D:\OSAMA\PROGRAMMING\PROJECTS\FACIAL-TRACKING\SOURCE\FACELANDMARKSDETECTION\FACELANDMARKSTRAINING\DEBUG\TRAININGHELPER.OBJ
D:\OSAMA\PROGRAMMING\PROJECTS\FACIAL-TRACKING\SOURCE\FACELANDMARKSDETECTION\FACELANDMARKSTRAINING\DEBUG\VC110.PDB
D:\OSAMA\PROGRAMMING\PROJECTS\FACIAL-TRACKING\SOURCE\FACELANDMARKSDETECTION\FACELANDMARKSTRAINING\DEBUG\MAIN.OBJ
D:\Osama\Programming\Projects\Facial-Tracking\Source\FaceLandmarksDetection\FaceLandmarksTraining\Debug\FernTrainer.obj
D:\Osama\Programming\Projects\Facial-Tracking\Source\FaceLandmarksDetection\FaceLandmarksTraining\Debug\LandmarkTraining.obj
D:\Osama\Programming\Projects\Facial-Tracking\Source\FaceLandmarksDetection\FaceLandmarksTraining\Debug\main.obj
D:\Osama\Programming\Projects\Facial-Tracking\Source\FaceLandmarksDetection\FaceLandmarksTraining\Debug\RegressorTrainer.obj
D:\Osama\Programming\Projects\Facial-Tracking\Source\FaceLandmarksDetection\FaceLandmarksTraining\Debug\TrainingHelper.obj
D:\Osama\Programming\Projects\Facial-Tracking\Source\FaceLandmarksDetection\FaceLandmarksTraining\Debug\cl.command.1.tlog
D:\Osama\Programming\Projects\Facial-Tracking\Source\FaceLandmarksDetection\FaceLandmarksTraining\Debug\CL.read.1.tlog
D:\Osama\Programming\Projects\Facial-Tracking\Source\FaceLandmarksDetection\FaceLandmarksTraining\Debug\CL.write.1.tlog
D:\Osama\Programming\Projects\Facial-Tracking\Source\FaceLandmarksDetection\FaceLandmarksTraining\Debug\link-cvtres.read.1.tlog
D:\Osama\Programming\Projects\Facial-Tracking\Source\FaceLandmarksDetection\FaceLandmarksTraining\Debug\link-cvtres.write.1.tlog
D:\Osama\Programming\Projects\Facial-Tracking\Source\FaceLandmarksDetection\FaceLandmarksTraining\Debug\link-rc.read.1.tlog
D:\Osama\Programming\Projects\Facial-Tracking\Source\FaceLandmarksDetection\FaceLandmarksTraining\Debug\link-rc.write.1.tlog
D:\Osama\Programming\Projects\Facial-Tracking\Source\FaceLandmarksDetection\FaceLandmarksTraining\Debug\link.command.1.tlog
D:\Osama\Programming\Projects\Facial-Tracking\Source\FaceLandmarksDetection\FaceLandmarksTraining\Debug\link.read.1.tlog
D:\Osama\Programming\Projects\Facial-Tracking\Source\FaceLandmarksDetection\FaceLandmarksTraining\Debug\link.write.1.tlog
D:\Osama\Programming\Projects\Facial-Tracking\Source\FaceLandmarksDetection\FaceLandmarksTraining\Debug\vc110.idb
D:\Osama\Programming\Projects\Facial-Tracking\Source\FaceLandmarksDetection\FaceLandmarksTraining\Debug\vc110.pdb
D:\Osama\Programming\Projects\Facial-Tracking\Source\FaceLandmarksDetection\Debug\FaceLandmarksTraining.pdb
